PlayzZz/launcher/build/intermediates/manifest_merge_blame_file/debug/manifest-merger-blame-debug-report.txt
1<?xml version="1.0" encoding="utf-8"?>
2<!-- GENERATED BY UNITY. REMOVE THIS COMMENT TO PREVENT OVERWRITING WHEN EXPORTING AGAIN -->
3<manifest xmlns:android="http://schemas.android.com/apk/res/android"
4    package="com.Hellven.PlayzZ"
5    android:installLocation="preferExternal"
6    android:versionCode="1"
7    android:versionName="1" >
8
9    <uses-sdk
10        android:minSdkVersion="19"
10-->src\main\AndroidManifest.xml
11        android:targetSdkVersion="31" />
11-->src\main\AndroidManifest.xml
12
13    <supports-screens
13-->src\main\AndroidManifest.xml:4:3-163
14        android:anyDensity="true"
14-->src\main\AndroidManifest.xml:4:135-160
15        android:largeScreens="true"
15-->src\main\AndroidManifest.xml:4:78-105
16        android:normalScreens="true"
16-->src\main\AndroidManifest.xml:4:49-77
17        android:smallScreens="true"
17-->src\main\AndroidManifest.xml:4:21-48
18        android:xlargeScreens="true" />
18-->src\main\AndroidManifest.xml:4:106-134
19
20    <uses-feature android:glEsVersion="0x00030000" />
20-->[:unityLibrary] AndroidManifest.xml:12:5-54
20-->[:unityLibrary] AndroidManifest.xml:12:19-51
21    <uses-feature
21-->[:unityLibrary] AndroidManifest.xml:13:5-15:36
22        android:name="android.hardware.vulkan.version"
22-->[:unityLibrary] AndroidManifest.xml:14:9-55
23        android:required="false" />
23-->[:unityLibrary] AndroidManifest.xml:15:9-33
24    <uses-feature
24-->[:unityLibrary] AndroidManifest.xml:16:5-18:36
25        android:name="android.hardware.touchscreen"
25-->[:unityLibrary] AndroidManifest.xml:17:9-52
26        android:required="false" />
26-->[:unityLibrary] AndroidManifest.xml:18:9-33
27    <uses-feature
27-->[:unityLibrary] AndroidManifest.xml:19:5-21:36
28        android:name="android.hardware.touchscreen.multitouch"
28-->[:unityLibrary] AndroidManifest.xml:20:9-63
29        android:required="false" />
29-->[:unityLibrary] AndroidManifest.xml:21:9-33
30    <uses-feature
30-->[:unityLibrary] AndroidManifest.xml:22:5-24:36
31        android:name="android.hardware.touchscreen.multitouch.distinct"
31-->[:unityLibrary] AndroidManifest.xml:23:9-72
32        android:required="false" />
32-->[:unityLibrary] AndroidManifest.xml:24:9-33
33
34    <application
34-->src\main\AndroidManifest.xml:5:3-116
35        android:appComponentFactory="android.support.v4.app.CoreComponentFactory"
35-->[com.android.support:support-compat:28.0.0] AndroidManifest.xml:22:18-91
36        android:debuggable="true"
37        android:extractNativeLibs="true"
37-->src\main\AndroidManifest.xml:5:16-48
38        android:icon="@mipmap/app_icon"
38-->src\main\AndroidManifest.xml:5:82-113
39        android:label="@string/app_name"
39-->src\main\AndroidManifest.xml:5:49-81
40        android:testOnly="true" >
41        <activity
41-->[:unityLibrary] AndroidManifest.xml:27:9-34:57
42            android:name="com.unity3d.player.UnityPlayerActivity"
42-->[:unityLibrary] AndroidManifest.xml:28:13-66
43            android:configChanges="mcc|mnc|locale|touchscreen|keyboard|keyboardHidden|navigation|orientation|screenLayout|uiMode|screenSize|smallestScreenSize|fontScale|layoutDirection|density"
43-->[:unityLibrary] AndroidManifest.xml:29:13-194
44            android:hardwareAccelerated="false"
44-->[:unityLibrary] AndroidManifest.xml:30:13-48
45            android:launchMode="singleTask"
45-->[:unityLibrary] AndroidManifest.xml:31:13-44
46            android:resizeableActivity="false"
46-->[:unityLibrary] AndroidManifest.xml:32:13-47
47            android:screenOrientation="sensorLandscape"
47-->[:unityLibrary] AndroidManifest.xml:33:13-56
48            android:theme="@style/UnityThemeSelector" />
48-->[:unityLibrary] AndroidManifest.xml:34:13-54
49        <activity
49-->[:unityLibrary] AndroidManifest.xml:35:9-51:20
50            android:name="com.unity3d.player.MainActivity"
50-->[:unityLibrary] AndroidManifest.xml:36:13-59
51            android:exported="true"
51-->[:unityLibrary] AndroidManifest.xml:37:13-36
52            android:theme="@style/Theme.AppCompat" >
52-->[:unityLibrary] AndroidManifest.xml:38:13-51
53            <intent-filter>
53-->[:unityLibrary] AndroidManifest.xml:39:13-43:29
54                <action android:name="android.intent.action.MAIN" />
54-->[:unityLibrary] AndroidManifest.xml:40:17-69
54-->[:unityLibrary] AndroidManifest.xml:40:25-66
55
56                <category android:name="android.intent.category.LAUNCHER" />
56-->[:unityLibrary] AndroidManifest.xml:42:17-77
56-->[:unityLibrary] AndroidManifest.xml:42:27-74
57            </intent-filter>
58
59            <meta-data
59-->[:unityLibrary] AndroidManifest.xml:45:13-47:40
60                android:name="unityplayer.UnityActivity"
60-->[:unityLibrary] AndroidManifest.xml:46:17-57
61                android:value="true" />
61-->[:unityLibrary] AndroidManifest.xml:47:17-37
62            <meta-data
62-->[:unityLibrary] AndroidManifest.xml:48:13-50:40
63                android:name="android.notch_support"
63-->[:unityLibrary] AndroidManifest.xml:49:17-53
64                android:value="true" />
64-->[:unityLibrary] AndroidManifest.xml:50:17-37
65        </activity>
66
67        <meta-data
67-->[:unityLibrary] AndroidManifest.xml:53:9-55:33
68            android:name="unity.splash-mode"
68-->[:unityLibrary] AndroidManifest.xml:54:13-45
69            android:value="0" />
69-->[:unityLibrary] AndroidManifest.xml:55:13-30
70        <meta-data
70-->[:unityLibrary] AndroidManifest.xml:56:9-58:36
71            android:name="unity.splash-enable"
71-->[:unityLibrary] AndroidManifest.xml:57:13-47
72            android:value="True" />
72-->[:unityLibrary] AndroidManifest.xml:58:13-33
73        <meta-data
73-->[:unityLibrary] AndroidManifest.xml:59:9-61:37
74            android:name="unity.allow-resizable-window"
74-->[:unityLibrary] AndroidManifest.xml:60:13-56
75            android:value="False" />
75-->[:unityLibrary] AndroidManifest.xml:61:13-34
76        <meta-data
76-->[:unityLibrary] AndroidManifest.xml:62:9-64:50
77            android:name="notch.config"
77-->[:unityLibrary] AndroidManifest.xml:63:13-40
78            android:value="portrait|landscape" />
78-->[:unityLibrary] AndroidManifest.xml:64:13-47
79        <meta-data
79-->[:unityLibrary] AndroidManifest.xml:65:9-67:68
80            android:name="unity.build-id"
80-->[:unityLibrary] AndroidManifest.xml:66:13-42
81            android:value="3620551e-56ef-4016-be70-33c7c79e003b" />
81-->[:unityLibrary] AndroidManifest.xml:67:13-65
82    </application>
83
84</manifest>